#
# There is insufficient memory for the Java Runtime Environment to continue.
# Native memory allocation (mmap) failed to map 260046848 bytes. Error detail: G1 virtual space
# Possible reasons:
#   The system is out of physical RAM or swap space
#   This process is running with CompressedOops enabled, and the Java Heap may be blocking the growth of the native heap
# Possible solutions:
#   Reduce memory load on the system
#   Increase physical memory or swap space
#   Check if swap backing store is full
#   Decrease Java heap size (-Xmx/-Xms)
#   Decrease number of Java threads
#   Decrease Java thread stack sizes (-Xss)
#   Set larger code cache with -XX:ReservedCodeCacheSize=
#   JVM is running with Zero Based Compressed Oops mode in which the Java heap is
#     placed in the first 32GB address space. The Java Heap base address is the
#     maximum limit for the native heap growth. Please use -XX:HeapBaseMinAddress
#     to set the Java Heap base and to place the Java Heap above 32GB virtual address.
# This output file may be truncated or incomplete.
#
#  Out of Memory Error (os_windows.cpp:3631), pid=10996, tid=16636
#
# JRE version:  (22.0.2+9) (build )
# Java VM: Java HotSpot(TM) 64-Bit Server VM (22.0.2+9-70, mixed mode, sharing, tiered, compressed oops, compressed class ptrs, g1 gc, windows-amd64)
# No core dump will be written. Minidumps are not enabled by default on client versions of Windows
#

---------------  S U M M A R Y ------------

Command Line: 

Host: Intel(R) Core(TM) i7-6600U CPU @ 2.60GHz, 4 cores, 15G,  Windows 10 , 64 bit Build 19041 (10.0.19041.5678)
Time: Thu Apr 10 10:42:38 2025 E. Africa Standard Time elapsed time: 0.024965 seconds (0d 0h 0m 0s)

---------------  T H R E A D  ---------------

Current thread (0x000002a17495e550):  JavaThread "Unknown thread" [_thread_in_vm, id=16636, stack(0x000000c049400000,0x000000c049500000) (1024K)]

Stack: [0x000000c049400000,0x000000c049500000]
Native frames: (J=compiled Java code, j=interpreted, Vv=VM code, C=native code)
V  [jvm.dll+0x6e26e9]  (no source info available)
V  [jvm.dll+0x875753]  (no source info available)
V  [jvm.dll+0x877b7e]  (no source info available)
V  [jvm.dll+0x878253]  (no source info available)
V  [jvm.dll+0x27fc86]  (no source info available)
V  [jvm.dll+0x6ded85]  (no source info available)
V  [jvm.dll+0x6d388a]  (no source info available)
V  [jvm.dll+0x358b8a]  (no source info available)
V  [jvm.dll+0x3610b6]  (no source info available)
V  [jvm.dll+0x3b419e]  (no source info available)
V  [jvm.dll+0x3b4448]  (no source info available)
V  [jvm.dll+0x32c5ec]  (no source info available)
V  [jvm.dll+0x32d258]  (no source info available)
V  [jvm.dll+0x83d5ac]  (no source info available)
V  [jvm.dll+0x3c10d1]  (no source info available)
V  [jvm.dll+0x8264cc]  (no source info available)
V  [jvm.dll+0x45bd5e]  (no source info available)
V  [jvm.dll+0x45dbe1]  (no source info available)
C  [jli.dll+0x52a3]  (no source info available)
C  [ucrtbase.dll+0x21bb2]  (no source info available)
C  [KERNEL32.DLL+0x17374]  (no source info available)
C  [ntdll.dll+0x4cc91]  (no source info available)


---------------  P R O C E S S  ---------------

Threads class SMR info:
_java_thread_list=0x00007ff9bf9dc1c8, length=0, elements={
}

Java Threads: ( => current thread )
Total: 0

Other Threads:
  0x000002a174b54160 WorkerThread "GC Thread#0"                     [id=4768, stack(0x000000c049600000,0x000000c049700000) (1024K)]
  0x000002a174b647e0 ConcurrentGCThread "G1 Main Marker"            [id=4024, stack(0x000000c049700000,0x000000c049800000) (1024K)]
  0x000002a174b654a0 WorkerThread "G1 Conc#0"                       [id=11044, stack(0x000000c049800000,0x000000c049900000) (1024K)]

[error occurred during error reporting (printing all threads), id 0xc0000005, EXCEPTION_ACCESS_VIOLATION (0xc0000005) at pc=0x00007ff9bf12f517]
VM state: not at safepoint (not fully initialized)

VM Mutex/Monitor currently owned by a thread:  ([mutex/lock_event])
[0x00007ff9bfa5cc80] Heap_lock - owner thread: 0x000002a17495e550

Heap address: 0x0000000709600000, size: 3946 MB, Compressed Oops mode: Zero based, Oop shift amount: 3

CDS archive(s) mapped at: [0x0000000000000000-0x0000000000000000-0x0000000000000000), size 0, SharedBaseAddress: 0x0000000800000000, ArchiveRelocationMode: 1.
Narrow klass base: 0x0000000000000000, Narrow klass shift: 0, Narrow klass range: 0x0

GC Precious Log:
 CardTable entry size: 512
 Card Set container configuration: InlinePtr #cards 4 size 8 Array Of Cards #cards 16 size 48 Howl #buckets 8 coarsen threshold 3686 Howl Bitmap #cards 512 size 80 coarsen threshold 460 Card regions per heap region 1 cards per card region 4096

Heap:
 garbage-first heap   total reserved 4040704K, committed 0K, used 0K [0x0000000709600000, 0x0000000800000000)
  region size 2048K, 0 young (0K), 0 survivors (0K)

[error occurred during error reporting (printing heap information), id 0xc0000005, EXCEPTION_ACCESS_VIOLATION (0xc0000005) at pc=0x00007ff9bf52e869]
GC Heap History (0 events):
No events

Dll operation events (1 events):
Event: 0.016 Loaded shared library C:\Program Files\Java\jdk-22\bin\java.dll

Deoptimization events (0 events):
No events

Classes loaded (0 events):
No events

Classes unloaded (0 events):
No events

Classes redefined (0 events):
No events

Internal exceptions (0 events):
No events

ZGC Phase Switch (0 events):
No events

VM Operations (0 events):
No events

Memory protections (0 events):
No events

Nmethod flushes (0 events):
No events

Events (0 events):
No events


Dynamic libraries:
0x00007ff63fcf0000 - 0x00007ff63fd00000 	C:\Program Files\Java\jdk-22\bin\java.exe
0x00007ffa0a990000 - 0x00007ffa0ab88000 	C:\Windows\SYSTEM32\ntdll.dll
0x00007ffa0a820000 - 0x00007ffa0a8e2000 	C:\Windows\System32\KERNEL32.DLL
0x00007ffa08070000 - 0x00007ffa08366000 	C:\Windows\System32\KERNELBASE.dll
0x00007ffa084f0000 - 0x00007ffa085f0000 	C:\Windows\System32\ucrtbase.dll
0x00007ff9f48f0000 - 0x00007ff9f4907000 	C:\Program Files\Java\jdk-22\bin\jli.dll
0x00007ffa09fc0000 - 0x00007ffa0a15d000 	C:\Windows\System32\USER32.dll
0x00007ffa08370000 - 0x00007ffa08392000 	C:\Windows\System32\win32u.dll
0x00007ffa09f80000 - 0x00007ffa09fab000 	C:\Windows\System32\GDI32.dll
0x00007ffa08890000 - 0x00007ffa089aa000 	C:\Windows\System32\gdi32full.dll
0x00007ffa08450000 - 0x00007ffa084ed000 	C:\Windows\System32\msvcp_win.dll
0x00007ff9f4890000 - 0x00007ff9f48ab000 	C:\Program Files\Java\jdk-22\bin\VCRUNTIME140.dll
0x00007ff9f4500000 - 0x00007ff9f479a000 	C:\Windows\WinSxS\amd64_microsoft.windows.common-controls_6595b64144ccf1df_6.0.19041.4355_none_60b8b9eb71f62e16\COMCTL32.dll
0x00007ffa09e60000 - 0x00007ffa09efe000 	C:\Windows\System32\msvcrt.dll
0x00007ffa09bd0000 - 0x00007ffa09bff000 	C:\Windows\System32\IMM32.DLL
0x00007ffa00530000 - 0x00007ffa0053c000 	C:\Program Files\Java\jdk-22\bin\vcruntime140_1.dll
0x00007ff9daf60000 - 0x00007ff9dafee000 	C:\Program Files\Java\jdk-22\bin\msvcp140.dll
0x00007ff9bedf0000 - 0x00007ff9bfb39000 	C:\Program Files\Java\jdk-22\bin\server\jvm.dll
0x00007ffa096e0000 - 0x00007ffa0978f000 	C:\Windows\System32\ADVAPI32.dll
0x00007ffa0a440000 - 0x00007ffa0a4df000 	C:\Windows\System32\sechost.dll
0x00007ffa0a690000 - 0x00007ffa0a7b3000 	C:\Windows\System32\RPCRT4.dll
0x00007ffa08860000 - 0x00007ffa08887000 	C:\Windows\System32\bcrypt.dll
0x00007ffa09f10000 - 0x00007ffa09f7b000 	C:\Windows\System32\WS2_32.dll
0x00007ffa075b0000 - 0x00007ffa075fb000 	C:\Windows\SYSTEM32\POWRPROF.dll
0x00007ff9f38a0000 - 0x00007ff9f38c7000 	C:\Windows\SYSTEM32\WINMM.dll
0x00007ff9ffb90000 - 0x00007ff9ffb9a000 	C:\Windows\SYSTEM32\VERSION.dll
0x00007ffa07420000 - 0x00007ffa07432000 	C:\Windows\SYSTEM32\UMPDC.dll
0x00007ffa06080000 - 0x00007ffa06092000 	C:\Windows\SYSTEM32\kernel.appcore.dll
0x00007ffa00000000 - 0x00007ffa0000a000 	C:\Program Files\Java\jdk-22\bin\jimage.dll
0x00007ffa04d70000 - 0x00007ffa04f54000 	C:\Windows\SYSTEM32\DBGHELP.DLL
0x00007ff9efa90000 - 0x00007ff9efac4000 	C:\Windows\SYSTEM32\dbgcore.DLL
0x00007ffa087d0000 - 0x00007ffa08852000 	C:\Windows\System32\bcryptPrimitives.dll
0x00007ff9fffe0000 - 0x00007ff9ffffe000 	C:\Program Files\Java\jdk-22\bin\java.dll
0x00007ffa08ea0000 - 0x00007ffa0960f000 	C:\Windows\System32\SHELL32.dll
0x00007ffa0a280000 - 0x00007ffa0a3ab000 	C:\Windows\System32\ole32.dll
0x00007ffa09790000 - 0x00007ffa09ae5000 	C:\Windows\System32\combase.dll

dbghelp: loaded successfully - version: 4.0.5 - missing functions: none
symbol engine: initialized successfully - sym options: 0x614 - pdb path: .;C:\Program Files\Java\jdk-22\bin;C:\Windows\SYSTEM32;C:\Windows\WinSxS\amd64_microsoft.windows.common-controls_6595b64144ccf1df_6.0.19041.4355_none_60b8b9eb71f62e16;C:\Program Files\Java\jdk-22\bin\server

VM Arguments:
java_command: <unknown>
java_class_path (initial): <not set>
Launcher Type: SUN_STANDARD

[Global flags]
     intx CICompilerCount                          = 3                                         {product} {ergonomic}
     uint ConcGCThreads                            = 1                                         {product} {ergonomic}
     uint G1ConcRefinementThreads                  = 4                                         {product} {ergonomic}
   size_t G1HeapRegionSize                         = 2097152                                   {product} {ergonomic}
   size_t InitialHeapSize                          = 260046848                                 {product} {ergonomic}
   size_t MarkStackSize                            = 4194304                                   {product} {ergonomic}
   size_t MaxHeapSize                              = 4137680896                                {product} {ergonomic}
   size_t MinHeapDeltaBytes                        = 2097152                                   {product} {ergonomic}
   size_t MinHeapSize                              = 8388608                                   {product} {ergonomic}
    uintx NonNMethodCodeHeapSize                   = 5832780                                {pd product} {ergonomic}
    uintx NonProfiledCodeHeapSize                  = 122912730                              {pd product} {ergonomic}
    uintx ProfiledCodeHeapSize                     = 122912730                              {pd product} {ergonomic}
    uintx ReservedCodeCacheSize                    = 251658240                              {pd product} {ergonomic}
     bool SegmentedCodeCache                       = true                                      {product} {ergonomic}
   size_t SoftMaxHeapSize                          = 4137680896                             {manageable} {ergonomic}
     bool UseCompressedOops                        = true                           {product lp64_product} {ergonomic}
     bool UseG1GC                                  = true                                      {product} {ergonomic}
     bool UseLargePagesIndividualAllocation        = false                                  {pd product} {ergonomic}

Logging:
Log output configuration:
 #0: stdout all=warning uptime,level,tags foldmultilines=false
 #1: stderr all=off uptime,level,tags foldmultilines=false

Environment Variables:
PATH=C:\Program Files\Common Files\Oracle\Java\javapath;C:\Program Files (x86)\Common Files\Intel\Shared Libraries\redist\intel64\compiler;C:\Windows\system32;C:\Windows;C:\Windows\System32\Wbem;C:\Windows\System32\WindowsPowerShell\v1.0\;C:\Windows\System32\OpenSSH\;c:\Program Files (x86)\Intel\Intel(R) Management Engine Components\DAL;c:\Program Files\Intel\Intel(R) Management Engine Components\DAL;C:\Program Files (x86)\Microsoft SQL Server\160\DTS\Binn\;C:\Program Files (x86)\Microsoft SQL Server\160\Tools\Binn\;C:\Program Files\Microsoft SQL Server\160\Tools\Binn\;C:\Program Files\Microsoft SQL Server\Client SDK\ODBC\170\Tools\Binn\;C:\Program Files\Microsoft SQL Server\160\DTS\Binn\;C:\Program Files\nodejs\;C:\Program Files\Git\bin;C:\Program Files\Git\cmd;C:\Users\Owner\AppData\Local\Microsoft\WindowsApps;C:\Users\Owner\AppData\Local\Programs\Microsoft VS Code\bin;C:\Users\Owner\AppData\Roaming\npm;C:\msys64\ucrt64\bin;
USERNAME=Owner
OS=Windows_NT
PROCESSOR_IDENTIFIER=Intel64 Family 6 Model 78 Stepping 3, GenuineIntel
TMP=C:\Users\Owner\AppData\Local\Temp
TEMP=C:\Users\Owner\AppData\Local\Temp




Periodic native trim disabled

---------------  S Y S T E M  ---------------

OS:
 Windows 10 , 64 bit Build 19041 (10.0.19041.5678)
OS uptime: 0 days 0:45 hours

CPU: total 4 (initial active 4) (2 cores per cpu, 2 threads per core) family 6 model 78 stepping 3 microcode 0xec, cx8, cmov, fxsr, ht, mmx, 3dnowpref, sse, sse2, sse3, ssse3, sse4.1, sse4.2, popcnt, lzcnt, tsc, tscinvbit, avx, avx2, aes, erms, clmul, bmi1, bmi2, rtm, adx, fma, vzeroupper, clflush, clflushopt, rdtscp, f16c
Processor Information for all 4 processors :
  Max Mhz: 2808, Current Mhz: 2607, Mhz Limit: 2583

Memory: 4k page, system-wide physical 15783M (369M free)
TotalPageFile size 46239M (AvailPageFile size 32M)
current process WorkingSet (physical memory assigned to process): 11M, peak: 11M
current process commit charge ("private bytes"): 52M, peak: 300M

vm_info: Java HotSpot(TM) 64-Bit Server VM (22.0.2+9-70) for windows-amd64 JRE (22.0.2+9-70), built on 2024-06-04T16:52:23Z by "mach5one" with MS VC++ 17.6 (VS2022)

END.
