#
# There is insufficient memory for the Java Runtime Environment to continue.
# Native memory allocation (mmap) failed to map 260046848 bytes. Error detail: G1 virtual space
# Possible reasons:
#   The system is out of physical RAM or swap space
#   This process is running with CompressedOops enabled, and the Java Heap may be blocking the growth of the native heap
# Possible solutions:
#   Reduce memory load on the system
#   Increase physical memory or swap space
#   Check if swap backing store is full
#   Decrease Java heap size (-Xmx/-Xms)
#   Decrease number of Java threads
#   Decrease Java thread stack sizes (-Xss)
#   Set larger code cache with -XX:ReservedCodeCacheSize=
#   JVM is running with Zero Based Compressed Oops mode in which the Java heap is
#     placed in the first 32GB address space. The Java Heap base address is the
#     maximum limit for the native heap growth. Please use -XX:HeapBaseMinAddress
#     to set the Java Heap base and to place the Java Heap above 32GB virtual address.
# This output file may be truncated or incomplete.
#
#  Out of Memory Error (os_windows.cpp:3631), pid=14096, tid=17256
#
# JRE version:  (22.0.2+9) (build )
# Java VM: Java HotSpot(TM) 64-Bit Server VM (22.0.2+9-70, mixed mode, sharing, tiered, compressed oops, compressed class ptrs, g1 gc, windows-amd64)
# No core dump will be written. Minidumps are not enabled by default on client versions of Windows
#

---------------  S U M M A R Y ------------

Command Line: 

Host: Intel(R) Core(TM) i7-6600U CPU @ 2.60GHz, 4 cores, 15G,  Windows 10 , 64 bit Build 19041 (10.0.19041.5678)
Time: Sat Apr 12 23:00:51 2025 E. Africa Standard Time elapsed time: 0.046578 seconds (0d 0h 0m 0s)

---------------  T H R E A D  ---------------

Current thread (0x0000019c4e0cde00):  JavaThread "Unknown thread" [_thread_in_vm, id=17256, stack(0x0000007587800000,0x0000007587900000) (1024K)]

Stack: [0x0000007587800000,0x0000007587900000]
Native frames: (J=compiled Java code, j=interpreted, Vv=VM code, C=native code)
V  [jvm.dll+0x6e26e9]  (no source info available)
V  [jvm.dll+0x875753]  (no source info available)
V  [jvm.dll+0x877b7e]  (no source info available)
V  [jvm.dll+0x878253]  (no source info available)
V  [jvm.dll+0x27fc86]  (no source info available)
V  [jvm.dll+0x6ded85]  (no source info available)
V  [jvm.dll+0x6d388a]  (no source info available)
V  [jvm.dll+0x358b8a]  (no source info available)
V  [jvm.dll+0x3610b6]  (no source info available)
V  [jvm.dll+0x3b419e]  (no source info available)
V  [jvm.dll+0x3b4448]  (no source info available)
V  [jvm.dll+0x32c5ec]  (no source info available)
V  [jvm.dll+0x32d258]  (no source info available)
V  [jvm.dll+0x83d5ac]  (no source info available)
V  [jvm.dll+0x3c10d1]  (no source info available)
V  [jvm.dll+0x8264cc]  (no source info available)
V  [jvm.dll+0x45bd5e]  (no source info available)
V  [jvm.dll+0x45dbe1]  (no source info available)
C  [jli.dll+0x52a3]  (no source info available)
C  [ucrtbase.dll+0x21bb2]  (no source info available)
C  [KERNEL32.DLL+0x17374]  (no source info available)
C  [ntdll.dll+0x4cc91]  (no source info available)


---------------  P R O C E S S  ---------------

Threads class SMR info:
_java_thread_list=0x00007ffab76bc1c8, length=0, elements={
}

Java Threads: ( => current thread )
Total: 0

Other Threads:
  0x0000019c50354220 WorkerThread "GC Thread#0"                     [id=13420, stack(0x0000007587a00000,0x0000007587b00000) (1024K)]
  0x0000019c503648a0 ConcurrentGCThread "G1 Main Marker"            [id=5524, stack(0x0000007587b00000,0x0000007587c00000) (1024K)]
  0x0000019c503653b0 WorkerThread "G1 Conc#0"                       [id=13500, stack(0x0000007587c00000,0x0000007587d00000) (1024K)]

[error occurred during error reporting (printing all threads), id 0xc0000005, EXCEPTION_ACCESS_VIOLATION (0xc0000005) at pc=0x00007ffab6e0f517]
VM state: not at safepoint (not fully initialized)

VM Mutex/Monitor currently owned by a thread:  ([mutex/lock_event])
[0x00007ffab773cc80] Heap_lock - owner thread: 0x0000019c4e0cde00

Heap address: 0x0000000709600000, size: 3946 MB, Compressed Oops mode: Zero based, Oop shift amount: 3

CDS archive(s) mapped at: [0x0000000000000000-0x0000000000000000-0x0000000000000000), size 0, SharedBaseAddress: 0x0000000800000000, ArchiveRelocationMode: 1.
Narrow klass base: 0x0000000000000000, Narrow klass shift: 0, Narrow klass range: 0x0

GC Precious Log:
 CardTable entry size: 512
 Card Set container configuration: InlinePtr #cards 4 size 8 Array Of Cards #cards 16 size 48 Howl #buckets 8 coarsen threshold 3686 Howl Bitmap #cards 512 size 80 coarsen threshold 460 Card regions per heap region 1 cards per card region 4096

Heap:
 garbage-first heap   total reserved 4040704K, committed 0K, used 0K [0x0000000709600000, 0x0000000800000000)
  region size 2048K, 0 young (0K), 0 survivors (0K)

[error occurred during error reporting (printing heap information), id 0xc0000005, EXCEPTION_ACCESS_VIOLATION (0xc0000005) at pc=0x00007ffab720e869]
GC Heap History (0 events):
No events

Dll operation events (1 events):
Event: 0.038 Loaded shared library C:\Program Files\Java\jdk-22\bin\java.dll

Deoptimization events (0 events):
No events

Classes loaded (0 events):
No events

Classes unloaded (0 events):
No events

Classes redefined (0 events):
No events

Internal exceptions (0 events):
No events

ZGC Phase Switch (0 events):
No events

VM Operations (0 events):
No events

Memory protections (0 events):
No events

Nmethod flushes (0 events):
No events

Events (0 events):
No events


Dynamic libraries:
0x00007ff643140000 - 0x00007ff643150000 	C:\Program Files\Java\jdk-22\bin\java.exe
0x00007ffb48e30000 - 0x00007ffb49028000 	C:\Windows\SYSTEM32\ntdll.dll
0x00007ffb48150000 - 0x00007ffb48212000 	C:\Windows\System32\KERNEL32.DLL
0x00007ffb465e0000 - 0x00007ffb468d6000 	C:\Windows\System32\KERNELBASE.dll
0x00007ffb46930000 - 0x00007ffb46a30000 	C:\Windows\System32\ucrtbase.dll
0x00007ffb32bd0000 - 0x00007ffb32be7000 	C:\Program Files\Java\jdk-22\bin\jli.dll
0x00007ffb48b20000 - 0x00007ffb48cbd000 	C:\Windows\System32\USER32.dll
0x00007ffb46a30000 - 0x00007ffb46a52000 	C:\Windows\System32\win32u.dll
0x00007ffb48af0000 - 0x00007ffb48b1b000 	C:\Windows\System32\GDI32.dll
0x00007ffb46c70000 - 0x00007ffb46d8a000 	C:\Windows\System32\gdi32full.dll
0x00007ffb464c0000 - 0x00007ffb4655d000 	C:\Windows\System32\msvcp_win.dll
0x00007ffb32110000 - 0x00007ffb3212b000 	C:\Program Files\Java\jdk-22\bin\VCRUNTIME140.dll
0x00007ffb326c0000 - 0x00007ffb3295a000 	C:\Windows\WinSxS\amd64_microsoft.windows.common-controls_6595b64144ccf1df_6.0.19041.4355_none_60b8b9eb71f62e16\COMCTL32.dll
0x00007ffb47d30000 - 0x00007ffb47dce000 	C:\Windows\System32\msvcrt.dll
0x00007ffb488b0000 - 0x00007ffb488df000 	C:\Windows\System32\IMM32.DLL
0x00007ffb3afb0000 - 0x00007ffb3afbc000 	C:\Program Files\Java\jdk-22\bin\vcruntime140_1.dll
0x00007ffb0e6b0000 - 0x00007ffb0e73e000 	C:\Program Files\Java\jdk-22\bin\msvcp140.dll
0x00007ffab6ad0000 - 0x00007ffab7819000 	C:\Program Files\Java\jdk-22\bin\server\jvm.dll
0x00007ffb47ff0000 - 0x00007ffb4809f000 	C:\Windows\System32\ADVAPI32.dll
0x00007ffb48300000 - 0x00007ffb4839f000 	C:\Windows\System32\sechost.dll
0x00007ffb47360000 - 0x00007ffb47483000 	C:\Windows\System32\RPCRT4.dll
0x00007ffb46d90000 - 0x00007ffb46db7000 	C:\Windows\System32\bcrypt.dll
0x00007ffb48290000 - 0x00007ffb482fb000 	C:\Windows\System32\WS2_32.dll
0x00007ffb45a50000 - 0x00007ffb45a9b000 	C:\Windows\SYSTEM32\POWRPROF.dll
0x00007ffb32a50000 - 0x00007ffb32a77000 	C:\Windows\SYSTEM32\WINMM.dll
0x00007ffb3e4e0000 - 0x00007ffb3e4ea000 	C:\Windows\SYSTEM32\VERSION.dll
0x00007ffb458c0000 - 0x00007ffb458d2000 	C:\Windows\SYSTEM32\UMPDC.dll
0x00007ffb44ce0000 - 0x00007ffb44cf2000 	C:\Windows\SYSTEM32\kernel.appcore.dll
0x00007ffb3b160000 - 0x00007ffb3b16a000 	C:\Program Files\Java\jdk-22\bin\jimage.dll
0x00007ffb43210000 - 0x00007ffb433f4000 	C:\Windows\SYSTEM32\DBGHELP.DLL
0x00007ffb2e110000 - 0x00007ffb2e144000 	C:\Windows\SYSTEM32\dbgcore.DLL
0x00007ffb46dc0000 - 0x00007ffb46e42000 	C:\Windows\System32\bcryptPrimitives.dll
0x00007ffb319e0000 - 0x00007ffb319fe000 	C:\Program Files\Java\jdk-22\bin\java.dll
0x00007ffb47490000 - 0x00007ffb47bff000 	C:\Windows\System32\SHELL32.dll
0x00007ffb48cc0000 - 0x00007ffb48deb000 	C:\Windows\System32\ole32.dll
0x00007ffb483a0000 - 0x00007ffb486f5000 	C:\Windows\System32\combase.dll

dbghelp: loaded successfully - version: 4.0.5 - missing functions: none
symbol engine: initialized successfully - sym options: 0x614 - pdb path: .;C:\Program Files\Java\jdk-22\bin;C:\Windows\SYSTEM32;C:\Windows\WinSxS\amd64_microsoft.windows.common-controls_6595b64144ccf1df_6.0.19041.4355_none_60b8b9eb71f62e16;C:\Program Files\Java\jdk-22\bin\server

VM Arguments:
java_command: <unknown>
java_class_path (initial): <not set>
Launcher Type: SUN_STANDARD

[Global flags]
     intx CICompilerCount                          = 3                                         {product} {ergonomic}
     uint ConcGCThreads                            = 1                                         {product} {ergonomic}
     uint G1ConcRefinementThreads                  = 4                                         {product} {ergonomic}
   size_t G1HeapRegionSize                         = 2097152                                   {product} {ergonomic}
   size_t InitialHeapSize                          = 260046848                                 {product} {ergonomic}
   size_t MarkStackSize                            = 4194304                                   {product} {ergonomic}
   size_t MaxHeapSize                              = 4137680896                                {product} {ergonomic}
   size_t MinHeapDeltaBytes                        = 2097152                                   {product} {ergonomic}
   size_t MinHeapSize                              = 8388608                                   {product} {ergonomic}
    uintx NonNMethodCodeHeapSize                   = 5832780                                {pd product} {ergonomic}
    uintx NonProfiledCodeHeapSize                  = 122912730                              {pd product} {ergonomic}
    uintx ProfiledCodeHeapSize                     = 122912730                              {pd product} {ergonomic}
    uintx ReservedCodeCacheSize                    = 251658240                              {pd product} {ergonomic}
     bool SegmentedCodeCache                       = true                                      {product} {ergonomic}
   size_t SoftMaxHeapSize                          = 4137680896                             {manageable} {ergonomic}
     bool UseCompressedOops                        = true                           {product lp64_product} {ergonomic}
     bool UseG1GC                                  = true                                      {product} {ergonomic}
     bool UseLargePagesIndividualAllocation        = false                                  {pd product} {ergonomic}

Logging:
Log output configuration:
 #0: stdout all=warning uptime,level,tags foldmultilines=false
 #1: stderr all=off uptime,level,tags foldmultilines=false

Environment Variables:
PATH=C:\Program Files\Common Files\Oracle\Java\javapath;C:\Program Files (x86)\Common Files\Intel\Shared Libraries\redist\intel64\compiler;C:\Windows\system32;C:\Windows;C:\Windows\System32\Wbem;C:\Windows\System32\WindowsPowerShell\v1.0\;C:\Windows\System32\OpenSSH\;c:\Program Files (x86)\Intel\Intel(R) Management Engine Components\DAL;c:\Program Files\Intel\Intel(R) Management Engine Components\DAL;C:\Program Files (x86)\Microsoft SQL Server\160\DTS\Binn\;C:\Program Files (x86)\Microsoft SQL Server\160\Tools\Binn\;C:\Program Files\Microsoft SQL Server\160\Tools\Binn\;C:\Program Files\Microsoft SQL Server\Client SDK\ODBC\170\Tools\Binn\;C:\Program Files\Microsoft SQL Server\160\DTS\Binn\;C:\Program Files\nodejs\;C:\Program Files\Git\bin;C:\Program Files\Git\cmd;C:\Users\Owner\AppData\Local\Microsoft\WindowsApps;C:\Users\Owner\AppData\Local\Programs\Microsoft VS Code\bin;C:\Users\Owner\AppData\Roaming\npm;C:\msys64\ucrt64\bin;
USERNAME=Owner
OS=Windows_NT
PROCESSOR_IDENTIFIER=Intel64 Family 6 Model 78 Stepping 3, GenuineIntel
TMP=C:\Users\Owner\AppData\Local\Temp
TEMP=C:\Users\Owner\AppData\Local\Temp




Periodic native trim disabled

---------------  S Y S T E M  ---------------

OS:
 Windows 10 , 64 bit Build 19041 (10.0.19041.5678)
OS uptime: 0 days 0:52 hours

CPU: total 4 (initial active 4) (2 cores per cpu, 2 threads per core) family 6 model 78 stepping 3 microcode 0xec, cx8, cmov, fxsr, ht, mmx, 3dnowpref, sse, sse2, sse3, ssse3, sse4.1, sse4.2, popcnt, lzcnt, tsc, tscinvbit, avx, avx2, aes, erms, clmul, bmi1, bmi2, rtm, adx, fma, vzeroupper, clflush, clflushopt, rdtscp, f16c
Processor Information for all 4 processors :
  Max Mhz: 2808, Current Mhz: 2607, Mhz Limit: 2583

Memory: 4k page, system-wide physical 15783M (1377M free)
TotalPageFile size 46239M (AvailPageFile size 138M)
current process WorkingSet (physical memory assigned to process): 11M, peak: 11M
current process commit charge ("private bytes"): 52M, peak: 300M

vm_info: Java HotSpot(TM) 64-Bit Server VM (22.0.2+9-70) for windows-amd64 JRE (22.0.2+9-70), built on 2024-06-04T16:52:23Z by "mach5one" with MS VC++ 17.6 (VS2022)

END.
